{
  "stats": {
    "suites": 1,
    "tests": 1,
    "passes": 1,
    "pending": 0,
    "failures": 0,
    "start": "2023-01-15T08:46:12.456Z",
    "end": "2023-01-15T08:46:17.258Z",
    "duration": 4802,
    "testsRegistered": 1,
    "passPercent": 100,
    "pendingPercent": 0,
    "other": 0,
    "hasOther": false,
    "skipped": 0,
    "hasSkipped": false
  },
  "results": [
    {
      "uuid": "3c5ea029-54be-4e92-b0f5-883e8427b359",
      "title": "",
      "fullFile": "cypress\\e2e\\testcases\\TC03_OpenAccount.cy.js",
      "file": "cypress\\e2e\\testcases\\TC03_OpenAccount.cy.js",
      "beforeHooks": [],
      "afterHooks": [],
      "tests": [],
      "suites": [
        {
          "uuid": "e3146d96-c064-4067-afa2-882b32c2d71c",
          "title": "Open Account for the customer",
          "fullFile": "",
          "file": "",
          "beforeHooks": [],
          "afterHooks": [],
          "tests": [
            {
              "title": "Open account for the added user",
              "fullTitle": "Open Account for the customer Open account for the added user",
              "timedOut": null,
              "duration": 4713,
              "state": "passed",
              "speed": "fast",
              "pass": true,
              "fail": false,
              "pending": false,
              "context": null,
              "code": "homePage.loginAsBankManager();\nbankManagerPage.clickAddCustomerBtn();\naddCustomerPage.enterCustomerDetails(data.CustomerFirstName, data.CustomerLastName, data.CustomerPostCode);\nbankManagerPage.validateAlert(data.AlertMessageonAddCust);\nbankManagerPage.clickOpenAccountBtn();\nopenAccountPage.enterAccountDetails(data.CustomerFirstName + ' ' + data.CustomerLastName, data.AccountCurrency);\nbankManagerPage.validateAlert(data.AlertMessageOnOpenAccount);",
              "err": {},
              "uuid": "2ceeca68-90f6-4b72-a6a1-f6744c2aea94",
              "parentUUID": "e3146d96-c064-4067-afa2-882b32c2d71c",
              "isHook": false,
              "skipped": false
            }
          ],
          "suites": [],
          "passes": [
            "2ceeca68-90f6-4b72-a6a1-f6744c2aea94"
          ],
          "failures": [],
          "pending": [],
          "skipped": [],
          "duration": 4713,
          "root": false,
          "rootEmpty": false,
          "_timeout": 2000
        }
      ],
      "passes": [],
      "failures": [],
      "pending": [],
      "skipped": [],
      "duration": 0,
      "root": true,
      "rootEmpty": true,
      "_timeout": 2000
    }
  ],
  "meta": {
    "mocha": {
      "version": "7.0.1"
    },
    "mochawesome": {
      "options": {
        "quiet": false,
        "reportFilename": "testresults",
        "saveHtml": true,
        "saveJson": true,
        "consoleReporter": "spec",
        "useInlineDiffs": false,
        "code": true
      },
      "version": "7.1.3"
    },
    "marge": {
      "options": {
        "reportDir": "cypress/results",
        "reportFilename": "testresults",
        "overwrite": false,
        "html": true,
        "json": true,
        "charts": true
      },
      "version": "6.2.0"
    }
  }
}