{
  "stats": {
    "suites": 1,
    "tests": 1,
    "passes": 1,
    "pending": 0,
    "failures": 0,
    "start": "2023-01-06T04:10:21.932Z",
    "end": "2023-01-06T04:10:26.533Z",
    "duration": 4601,
    "testsRegistered": 1,
    "passPercent": 100,
    "pendingPercent": 0,
    "other": 0,
    "hasOther": false,
    "skipped": 0,
    "hasSkipped": false
  },
  "results": [
    {
      "uuid": "a20f6b18-efcb-4dd0-b23d-4d454d6dec2d",
      "title": "",
      "fullFile": "cypress\\e2e\\testcases\\TC03_OpenAccount.cy.js",
      "file": "cypress\\e2e\\testcases\\TC03_OpenAccount.cy.js",
      "beforeHooks": [],
      "afterHooks": [],
      "tests": [],
      "suites": [
        {
          "uuid": "16a35609-c12e-4ddc-b942-9156dab3e19d",
          "title": "Open Account for the customer",
          "fullFile": "",
          "file": "",
          "beforeHooks": [],
          "afterHooks": [],
          "tests": [
            {
              "title": "Open account for the added user",
              "fullTitle": "Open Account for the customer Open account for the added user",
              "timedOut": null,
              "duration": 4536,
              "state": "passed",
              "speed": "fast",
              "pass": true,
              "fail": false,
              "pending": false,
              "context": null,
              "code": "homePage.loginAsBankManager();\nbankManagerPage.clickAddCustomerBtn();\naddCustomerPage.enterCustomerDetails(data.CustomerFirstName, data.CustomerLastName, data.CustomerPostCode);\nbankManagerPage.validateAlert(data.AlertMessageonAddCust);\nbankManagerPage.clickOpenAccountBtn();\nopenAccountPage.enterAccountDetails(data.CustomerFirstName + ' ' + data.CustomerLastName, data.AccountCurrency);\nbankManagerPage.validateAlert(data.AlertMessageOnOpenAccount);",
              "err": {},
              "uuid": "f4cd3e72-9dcc-4ddd-aa7c-086b0fa35323",
              "parentUUID": "16a35609-c12e-4ddc-b942-9156dab3e19d",
              "isHook": false,
              "skipped": false
            }
          ],
          "suites": [],
          "passes": [
            "f4cd3e72-9dcc-4ddd-aa7c-086b0fa35323"
          ],
          "failures": [],
          "pending": [],
          "skipped": [],
          "duration": 4536,
          "root": false,
          "rootEmpty": false,
          "_timeout": 2000
        }
      ],
      "passes": [],
      "failures": [],
      "pending": [],
      "skipped": [],
      "duration": 0,
      "root": true,
      "rootEmpty": true,
      "_timeout": 2000
    }
  ],
  "meta": {
    "mocha": {
      "version": "7.0.1"
    },
    "mochawesome": {
      "options": {
        "quiet": false,
        "reportFilename": "testresults",
        "saveHtml": true,
        "saveJson": true,
        "consoleReporter": "spec",
        "useInlineDiffs": false,
        "code": true
      },
      "version": "7.1.3"
    },
    "marge": {
      "options": {
        "reportDir": "cypress/results",
        "reportFilename": "testresults",
        "overwrite": false,
        "html": true,
        "json": true,
        "charts": true
      },
      "version": "6.2.0"
    }
  }
}