{
  "stats": {
    "suites": 1,
    "tests": 1,
    "passes": 1,
    "pending": 0,
    "failures": 0,
    "start": "2023-01-06T04:10:13.988Z",
    "end": "2023-01-06T04:10:17.493Z",
    "duration": 3505,
    "testsRegistered": 1,
    "passPercent": 100,
    "pendingPercent": 0,
    "other": 0,
    "hasOther": false,
    "skipped": 0,
    "hasSkipped": false
  },
  "results": [
    {
      "uuid": "882aeb90-7608-4417-965e-5eda5b26f6a7",
      "title": "",
      "fullFile": "cypress\\e2e\\testcases\\TC02_AddCustomer.cy.js",
      "file": "cypress\\e2e\\testcases\\TC02_AddCustomer.cy.js",
      "beforeHooks": [],
      "afterHooks": [],
      "tests": [],
      "suites": [
        {
          "uuid": "7d0f7548-c5c1-4258-98c4-cc9b243e2a69",
          "title": "Add a new customer",
          "fullFile": "",
          "file": "",
          "beforeHooks": [],
          "afterHooks": [],
          "tests": [
            {
              "title": "Add a new customer as bank manager",
              "fullTitle": "Add a new customer Add a new customer as bank manager",
              "timedOut": null,
              "duration": 3421,
              "state": "passed",
              "speed": "fast",
              "pass": true,
              "fail": false,
              "pending": false,
              "context": null,
              "code": "homePage.loginAsBankManager();\nbankManagerPage.clickAddCustomerBtn();\naddCustomerPage.enterCustomerDetails(data.CustomerFirstName, data.CustomerLastName, data.CustomerPostCode);\nbankManagerPage.validateAlert(data.AlertMessageonAddCust);",
              "err": {},
              "uuid": "d67b9b6a-7dbb-4602-8f2b-c8176f3486e5",
              "parentUUID": "7d0f7548-c5c1-4258-98c4-cc9b243e2a69",
              "isHook": false,
              "skipped": false
            }
          ],
          "suites": [],
          "passes": [
            "d67b9b6a-7dbb-4602-8f2b-c8176f3486e5"
          ],
          "failures": [],
          "pending": [],
          "skipped": [],
          "duration": 3421,
          "root": false,
          "rootEmpty": false,
          "_timeout": 2000
        }
      ],
      "passes": [],
      "failures": [],
      "pending": [],
      "skipped": [],
      "duration": 0,
      "root": true,
      "rootEmpty": true,
      "_timeout": 2000
    }
  ],
  "meta": {
    "mocha": {
      "version": "7.0.1"
    },
    "mochawesome": {
      "options": {
        "quiet": false,
        "reportFilename": "testresults",
        "saveHtml": true,
        "saveJson": true,
        "consoleReporter": "spec",
        "useInlineDiffs": false,
        "code": true
      },
      "version": "7.1.3"
    },
    "marge": {
      "options": {
        "reportDir": "cypress/results",
        "reportFilename": "testresults",
        "overwrite": false,
        "html": true,
        "json": true,
        "charts": true
      },
      "version": "6.2.0"
    }
  }
}