{
  "stats": {
    "suites": 1,
    "tests": 2,
    "passes": 2,
    "pending": 0,
    "failures": 0,
    "start": "2023-01-15T08:58:12.321Z",
    "end": "2023-01-15T08:58:15.542Z",
    "duration": 3221,
    "testsRegistered": 2,
    "passPercent": 100,
    "pendingPercent": 0,
    "other": 0,
    "hasOther": false,
    "skipped": 0,
    "hasSkipped": false
  },
  "results": [
    {
      "uuid": "bc7cb81f-a9f0-4921-af20-024fe2b34a42",
      "title": "",
      "fullFile": "cypress\\e2e\\testcases\\TC01_BankManagerLogin.cy.js",
      "file": "cypress\\e2e\\testcases\\TC01_BankManagerLogin.cy.js",
      "beforeHooks": [],
      "afterHooks": [],
      "tests": [],
      "suites": [
        {
          "uuid": "5b0c3abc-aabb-4da1-a03e-786a44c48399",
          "title": "Login As Bank Manager",
          "fullFile": "",
          "file": "",
          "beforeHooks": [],
          "afterHooks": [],
          "tests": [
            {
              "title": "Verify page title",
              "fullTitle": "Login As Bank Manager Verify page title",
              "timedOut": null,
              "duration": 2262,
              "state": "passed",
              "speed": "fast",
              "pass": true,
              "fail": false,
              "pending": false,
              "context": null,
              "code": "homePage.validateTile().should('equal', 'Protractor practice website - Banking App');",
              "err": {},
              "uuid": "61f72f0b-2205-43b9-bb18-c5edf8ff86ea",
              "parentUUID": "5b0c3abc-aabb-4da1-a03e-786a44c48399",
              "isHook": false,
              "skipped": false
            },
            {
              "title": "Verify login as Bank Manager",
              "fullTitle": "Login As Bank Manager Verify login as Bank Manager",
              "timedOut": null,
              "duration": 887,
              "state": "passed",
              "speed": "fast",
              "pass": true,
              "fail": false,
              "pending": false,
              "context": null,
              "code": "homePage.loginAsBankManager();",
              "err": {},
              "uuid": "11bfc1cd-faa1-4f86-93a6-132e6c929d09",
              "parentUUID": "5b0c3abc-aabb-4da1-a03e-786a44c48399",
              "isHook": false,
              "skipped": false
            }
          ],
          "suites": [],
          "passes": [
            "61f72f0b-2205-43b9-bb18-c5edf8ff86ea",
            "11bfc1cd-faa1-4f86-93a6-132e6c929d09"
          ],
          "failures": [],
          "pending": [],
          "skipped": [],
          "duration": 3149,
          "root": false,
          "rootEmpty": false,
          "_timeout": 2000
        }
      ],
      "passes": [],
      "failures": [],
      "pending": [],
      "skipped": [],
      "duration": 0,
      "root": true,
      "rootEmpty": true,
      "_timeout": 2000
    }
  ],
  "meta": {
    "mocha": {
      "version": "7.0.1"
    },
    "mochawesome": {
      "options": {
        "quiet": false,
        "reportFilename": "testresults",
        "saveHtml": true,
        "saveJson": true,
        "consoleReporter": "spec",
        "useInlineDiffs": false,
        "code": true
      },
      "version": "7.1.3"
    },
    "marge": {
      "options": {
        "reportDir": "cypress/results",
        "reportFilename": "testresults",
        "overwrite": false,
        "html": true,
        "json": true,
        "charts": true
      },
      "version": "6.2.0"
    }
  }
}