{
  "stats": {
    "suites": 1,
    "tests": 2,
    "passes": 2,
    "pending": 0,
    "failures": 0,
    "start": "2023-01-06T04:10:06.057Z",
    "end": "2023-01-06T04:10:09.911Z",
    "duration": 3854,
    "testsRegistered": 2,
    "passPercent": 100,
    "pendingPercent": 0,
    "other": 0,
    "hasOther": false,
    "skipped": 0,
    "hasSkipped": false
  },
  "results": [
    {
      "uuid": "efbd6186-cae6-46fe-a4fa-ca967561accc",
      "title": "",
      "fullFile": "cypress\\e2e\\testcases\\TC01_BankManagerLogin.cy.js",
      "file": "cypress\\e2e\\testcases\\TC01_BankManagerLogin.cy.js",
      "beforeHooks": [],
      "afterHooks": [],
      "tests": [],
      "suites": [
        {
          "uuid": "f34db079-7306-4763-9486-1f7ad507ae07",
          "title": "Login As Bank Manager",
          "fullFile": "",
          "file": "",
          "beforeHooks": [],
          "afterHooks": [],
          "tests": [
            {
              "title": "Verify page title",
              "fullTitle": "Login As Bank Manager Verify page title",
              "timedOut": null,
              "duration": 2303,
              "state": "passed",
              "speed": "fast",
              "pass": true,
              "fail": false,
              "pending": false,
              "context": null,
              "code": "homePage.validateTile().should('equal', 'Protractor practice website - Banking App');",
              "err": {},
              "uuid": "43291353-c9e8-4031-9a75-d7e1eb5d96cb",
              "parentUUID": "f34db079-7306-4763-9486-1f7ad507ae07",
              "isHook": false,
              "skipped": false
            },
            {
              "title": "Verify login as Bank Manager",
              "fullTitle": "Login As Bank Manager Verify login as Bank Manager",
              "timedOut": null,
              "duration": 1494,
              "state": "passed",
              "speed": "fast",
              "pass": true,
              "fail": false,
              "pending": false,
              "context": null,
              "code": "homePage.loginAsBankManager();",
              "err": {},
              "uuid": "702468d6-bc04-4718-acdb-567798ddc2fc",
              "parentUUID": "f34db079-7306-4763-9486-1f7ad507ae07",
              "isHook": false,
              "skipped": false
            }
          ],
          "suites": [],
          "passes": [
            "43291353-c9e8-4031-9a75-d7e1eb5d96cb",
            "702468d6-bc04-4718-acdb-567798ddc2fc"
          ],
          "failures": [],
          "pending": [],
          "skipped": [],
          "duration": 3797,
          "root": false,
          "rootEmpty": false,
          "_timeout": 2000
        }
      ],
      "passes": [],
      "failures": [],
      "pending": [],
      "skipped": [],
      "duration": 0,
      "root": true,
      "rootEmpty": true,
      "_timeout": 2000
    }
  ],
  "meta": {
    "mocha": {
      "version": "7.0.1"
    },
    "mochawesome": {
      "options": {
        "quiet": false,
        "reportFilename": "testresults",
        "saveHtml": true,
        "saveJson": true,
        "consoleReporter": "spec",
        "useInlineDiffs": false,
        "code": true
      },
      "version": "7.1.3"
    },
    "marge": {
      "options": {
        "reportDir": "cypress/results",
        "reportFilename": "testresults",
        "overwrite": false,
        "html": true,
        "json": true,
        "charts": true
      },
      "version": "6.2.0"
    }
  }
}