{
  "stats": {
    "suites": 1,
    "tests": 2,
    "passes": 2,
    "pending": 0,
    "failures": 0,
    "start": "2023-01-15T07:17:44.753Z",
    "end": "2023-01-15T07:17:49.040Z",
    "duration": 4287,
    "testsRegistered": 2,
    "passPercent": 100,
    "pendingPercent": 0,
    "other": 0,
    "hasOther": false,
    "skipped": 0,
    "hasSkipped": false
  },
  "results": [
    {
      "uuid": "7e210bf7-4386-4e03-a54c-284f2014e7e4",
      "title": "",
      "fullFile": "cypress\\e2e\\testcases\\TC01_BankManagerLogin.cy.js",
      "file": "cypress\\e2e\\testcases\\TC01_BankManagerLogin.cy.js",
      "beforeHooks": [],
      "afterHooks": [],
      "tests": [],
      "suites": [
        {
          "uuid": "d0e6f153-e3dc-4c84-8ba5-bae7d176373b",
          "title": "Login As Bank Manager",
          "fullFile": "",
          "file": "",
          "beforeHooks": [],
          "afterHooks": [],
          "tests": [
            {
              "title": "Verify page title",
              "fullTitle": "Login As Bank Manager Verify page title",
              "timedOut": null,
              "duration": 3171,
              "state": "passed",
              "speed": "fast",
              "pass": true,
              "fail": false,
              "pending": false,
              "context": null,
              "code": "homePage.validateTile().should('equal', 'Protractor practice website - Banking App');",
              "err": {},
              "uuid": "7f60ca08-9d84-4d94-9ab2-beeb89e4c883",
              "parentUUID": "d0e6f153-e3dc-4c84-8ba5-bae7d176373b",
              "isHook": false,
              "skipped": false
            },
            {
              "title": "Verify login as Bank Manager",
              "fullTitle": "Login As Bank Manager Verify login as Bank Manager",
              "timedOut": null,
              "duration": 1029,
              "state": "passed",
              "speed": "fast",
              "pass": true,
              "fail": false,
              "pending": false,
              "context": null,
              "code": "homePage.loginAsBankManager();",
              "err": {},
              "uuid": "24dcee69-603a-45e4-9ae9-51e9ffd0fc8f",
              "parentUUID": "d0e6f153-e3dc-4c84-8ba5-bae7d176373b",
              "isHook": false,
              "skipped": false
            }
          ],
          "suites": [],
          "passes": [
            "7f60ca08-9d84-4d94-9ab2-beeb89e4c883",
            "24dcee69-603a-45e4-9ae9-51e9ffd0fc8f"
          ],
          "failures": [],
          "pending": [],
          "skipped": [],
          "duration": 4200,
          "root": false,
          "rootEmpty": false,
          "_timeout": 2000
        }
      ],
      "passes": [],
      "failures": [],
      "pending": [],
      "skipped": [],
      "duration": 0,
      "root": true,
      "rootEmpty": true,
      "_timeout": 2000
    }
  ],
  "meta": {
    "mocha": {
      "version": "7.0.1"
    },
    "mochawesome": {
      "options": {
        "quiet": false,
        "reportFilename": "testresults",
        "saveHtml": true,
        "saveJson": true,
        "consoleReporter": "spec",
        "useInlineDiffs": false,
        "code": true
      },
      "version": "7.1.3"
    },
    "marge": {
      "options": {
        "reportDir": "cypress/results",
        "reportFilename": "testresults",
        "overwrite": false,
        "html": true,
        "json": true,
        "charts": true
      },
      "version": "6.2.0"
    }
  }
}