{
  "stats": {
    "suites": 1,
    "tests": 1,
    "passes": 1,
    "pending": 0,
    "failures": 0,
    "start": "2023-01-15T08:53:43.488Z",
    "end": "2023-01-15T08:53:47.414Z",
    "duration": 3926,
    "testsRegistered": 1,
    "passPercent": 100,
    "pendingPercent": 0,
    "other": 0,
    "hasOther": false,
    "skipped": 0,
    "hasSkipped": false
  },
  "results": [
    {
      "uuid": "c6f95d2a-04ee-45ab-ad42-0cb6d127e0d4",
      "title": "",
      "fullFile": "cypress\\e2e\\testcases\\TC02_AddCustomer.cy.js",
      "file": "cypress\\e2e\\testcases\\TC02_AddCustomer.cy.js",
      "beforeHooks": [],
      "afterHooks": [],
      "tests": [],
      "suites": [
        {
          "uuid": "e93cf15d-d503-4f70-9fc7-798e53fd393f",
          "title": "Add a new customer",
          "fullFile": "",
          "file": "",
          "beforeHooks": [],
          "afterHooks": [],
          "tests": [
            {
              "title": "Add a new customer as bank manager",
              "fullTitle": "Add a new customer Add a new customer as bank manager",
              "timedOut": null,
              "duration": 3805,
              "state": "passed",
              "speed": "fast",
              "pass": true,
              "fail": false,
              "pending": false,
              "context": null,
              "code": "homePage.loginAsBankManager();\nbankManagerPage.clickAddCustomerBtn();\naddCustomerPage.enterCustomerDetails(data.CustomerFirstName, data.CustomerLastName, data.CustomerPostCode);\nbankManagerPage.validateAlert(data.AlertMessageonAddCust);",
              "err": {},
              "uuid": "9639e7a1-7e45-4279-b254-d4c192ee5fcf",
              "parentUUID": "e93cf15d-d503-4f70-9fc7-798e53fd393f",
              "isHook": false,
              "skipped": false
            }
          ],
          "suites": [],
          "passes": [
            "9639e7a1-7e45-4279-b254-d4c192ee5fcf"
          ],
          "failures": [],
          "pending": [],
          "skipped": [],
          "duration": 3805,
          "root": false,
          "rootEmpty": false,
          "_timeout": 2000
        }
      ],
      "passes": [],
      "failures": [],
      "pending": [],
      "skipped": [],
      "duration": 0,
      "root": true,
      "rootEmpty": true,
      "_timeout": 2000
    }
  ],
  "meta": {
    "mocha": {
      "version": "7.0.1"
    },
    "mochawesome": {
      "options": {
        "quiet": false,
        "reportFilename": "testresults",
        "saveHtml": true,
        "saveJson": true,
        "consoleReporter": "spec",
        "useInlineDiffs": false,
        "code": true
      },
      "version": "7.1.3"
    },
    "marge": {
      "options": {
        "reportDir": "cypress/results",
        "reportFilename": "testresults",
        "overwrite": false,
        "html": true,
        "json": true,
        "charts": true
      },
      "version": "6.2.0"
    }
  }
}